<?xml version="1.0" encoding="UTF-8"?>
<!-- Generated by org.testng.reporters.JUnitReportReporter -->
<testsuite hostname="DESKTOP-MVI4SHR" failures="0" tests="4" name="testng_package.Invocationcount" time="0.021" errors="0" timestamp="2023-04-20T11:39:29 IST" skipped="0">
  <testcase classname="testng_package.Invocationcount" name="test2" time="0.004"/>
  <system-out/>
  <testcase classname="testng_package.Invocationcount" name="test2" time="0.013"/>
  <system-out/>
  <testcase classname="testng_package.Invocationcount" name="test3" time="0.002"/>
  <system-out/>
  <testcase classname="testng_package.Invocationcount" name="test2" time="0.002"/>
  <system-out/>
</testsuite> <!-- testng_package.Invocationcount -->
