<?xml version="1.0" encoding="UTF-8"?>
<!-- Generated by org.testng.reporters.JUnitReportReporter -->
<testsuite hostname="DESKTOP-MVI4SHR" failures="0" tests="2" name="testng_package.Withoutinvocation" time="0.012" errors="0" timestamp="2023-04-20T11:44:13 IST" skipped="1">
  <testcase classname="testng_package.Withoutinvocation" name="test3" time="0.012"/>
  <system-out/>
  <testcase classname="testng_package.Withoutinvocation" name="test2">
    <skipped/>
  </testcase> <!-- test2 -->
  <system-out/>
</testsuite> <!-- testng_package.Withoutinvocation -->
