<?xml version="1.0" encoding="UTF-8"?>
<!-- Generated by org.testng.reporters.JUnitReportReporter -->
<testsuite hostname="DESKTOP-MVI4SHR" failures="0" tests="1" name="testng_package.simple" time="0.002" errors="0" timestamp="2023-04-17T11:52:31 IST" skipped="0">
  <testcase classname="testng_package.simple" name="test3" time="0.002"/>
  <system-out>
    <![CDATA[bye]]>
  </system-out>
</testsuite> <!-- testng_package.simple -->
