<?xml version="1.0" encoding="UTF-8"?>
<!-- Generated by org.testng.reporters.JUnitReportReporter -->
<testsuite hostname="DESKTOP-MVI4SHR" failures="0" tests="1" name="testng_package.demo" time="0.013" errors="0" timestamp="2023-04-17T11:52:31 IST" skipped="0">
  <testcase classname="testng_package.demo" name="test2" time="0.013"/>
  <system-out>
    <![CDATA[hi]]>
  </system-out>
</testsuite> <!-- testng_package.demo -->
