<?xml version="1.0" encoding="UTF-8"?>
<!-- Generated by org.testng.reporters.JUnitReportReporter -->
<testsuite hostname="DESKTOP-MVI4SHR" failures="0" tests="3" name="testng_package.Priority" time="0.016" errors="0" timestamp="2023-04-18T12:27:17 IST" skipped="0">
  <testcase classname="testng_package.Priority" name="test2" time="0.013"/>
  <system-out/>
  <testcase classname="testng_package.Priority" name="test3" time="0.002"/>
  <system-out/>
  <testcase classname="testng_package.Priority" name="test1" time="0.001"/>
  <system-out/>
</testsuite> <!-- testng_package.Priority -->
